<?xml version="1.0" encoding="UTF-8" ?>
<testsuite errors="0" failures="0" hostname="Shawna-PC" name="com.propertyconnection.HomeIntegrationSpec" tests="3" time="0.347" timestamp="2014-11-29T00:51:27">
  <properties />
  <testcase classname="com.propertyconnection.HomeIntegrationSpec" name="Saving a Home to the database" time="0.267" />
  <testcase classname="com.propertyconnection.HomeIntegrationSpec" name="Updating a home and changing its properties" time="0.019" />
  <testcase classname="com.propertyconnection.HomeIntegrationSpec" name="Deleting a home and making sure it&apos;s gone from the db" time="0.057" />
  <system-out><![CDATA[--Output from Saving a Home to the database--
--Output from Updating a home and changing its properties--
--Output from Deleting a home and making sure it's gone from the db--
]]></system-out>
  <system-err><![CDATA[--Output from Saving a Home to the database--
--Output from Updating a home and changing its properties--
--Output from Deleting a home and making sure it's gone from the db--
]]></system-err>
</testsuite>
