<?xml version="1.0" encoding="UTF-8" ?>
<testsuite errors="0" failures="0" hostname="Shawna-PC" name="com.propertyconnection.LandlordIntegrationSpec" tests="5" time="0.118" timestamp="2014-11-29T00:51:27">
  <properties />
  <testcase classname="com.propertyconnection.LandlordIntegrationSpec" name="Saving a landlord to the database" time="0.019" />
  <testcase classname="com.propertyconnection.LandlordIntegrationSpec" name="Updating a landlord and changing its properties" time="0.015" />
  <testcase classname="com.propertyconnection.LandlordIntegrationSpec" name="Deleting a landlord and making sure it&apos;s gone from the db" time="0.013" />
  <testcase classname="com.propertyconnection.LandlordIntegrationSpec" name="Saving a landlord with invalid properties causes an error" time="0.059" />
  <testcase classname="com.propertyconnection.LandlordIntegrationSpec" name="Recover from a failed validation" time="0.009" />
  <system-out><![CDATA[--Output from Saving a landlord to the database--
--Output from Updating a landlord and changing its properties--
--Output from Deleting a landlord and making sure it's gone from the db--
--Output from Saving a landlord with invalid properties causes an error--
--Output from Recover from a failed validation--
]]></system-out>
  <system-err><![CDATA[--Output from Saving a landlord to the database--
--Output from Updating a landlord and changing its properties--
--Output from Deleting a landlord and making sure it's gone from the db--
--Output from Saving a landlord with invalid properties causes an error--
--Output from Recover from a failed validation--
]]></system-err>
</testsuite>
