<?xml version="1.0" encoding="UTF-8" ?>
<testsuite errors="0" failures="0" hostname="Shawna-PC" name="com.propertyconnection.ServiceOrderIntegrationSpec" tests="5" time="0.115" timestamp="2014-11-29T00:51:29">
  <properties />
  <testcase classname="com.propertyconnection.ServiceOrderIntegrationSpec" name="Saving a service order to the database" time="0.03" />
  <testcase classname="com.propertyconnection.ServiceOrderIntegrationSpec" name="Updating a service order and changing its properties" time="0.023" />
  <testcase classname="com.propertyconnection.ServiceOrderIntegrationSpec" name="Deleting a service order and making sure it&apos;s gone from the db" time="0.018" />
  <testcase classname="com.propertyconnection.ServiceOrderIntegrationSpec" name="Adding a service order that links to a home" time="0.015" />
  <testcase classname="com.propertyconnection.ServiceOrderIntegrationSpec" name="Ensure service orders linked to a home can be retrieved" time="0.026" />
  <system-out><![CDATA[--Output from Saving a service order to the database--
--Output from Updating a service order and changing its properties--
--Output from Deleting a service order and making sure it's gone from the db--
--Output from Adding a service order that links to a home--
--Output from Ensure service orders linked to a home can be retrieved--
]]></system-out>
  <system-err><![CDATA[--Output from Saving a service order to the database--
--Output from Updating a service order and changing its properties--
--Output from Deleting a service order and making sure it's gone from the db--
--Output from Adding a service order that links to a home--
--Output from Ensure service orders linked to a home can be retrieved--
]]></system-err>
</testsuite>
